\BOOKMARK [0][-]{chapter.1}{\376\377\0001\000\040\000\315\000n\000d\000i\000c\000e\000\040\000d\000a\000s\000\040\000e\000s\000t\000r\000u\000t\000u\000r\000a\000s\000\040\000d\000e\000\040\000d\000a\000d\000o\000s}{}% 1
\BOOKMARK [1][-]{section.1.1}{\376\377\0001\000.\0001\000\040\000E\000s\000t\000r\000u\000t\000u\000r\000a\000s\000\040\000d\000e\000\040\000d\000a\000d\000o\000s}{chapter.1}% 2
\BOOKMARK [0][-]{chapter.2}{\376\377\0002\000\040\000\315\000n\000d\000i\000c\000e\000\040\000d\000o\000s\000\040\000f\000i\000c\000h\000e\000i\000r\000o\000s}{}% 3
\BOOKMARK [1][-]{section.2.1}{\376\377\0002\000.\0001\000\040\000L\000i\000s\000t\000a\000\040\000d\000e\000\040\000f\000i\000c\000h\000e\000i\000r\000o\000s}{chapter.2}% 4
\BOOKMARK [0][-]{chapter.3}{\376\377\0003\000\040\000D\000o\000c\000u\000m\000e\000n\000t\000a\000\347\000\343\000o\000\040\000d\000a\000\040\000c\000l\000a\000s\000s\000e}{}% 5
\BOOKMARK [1][-]{section.3.1}{\376\377\0003\000.\0001\000\040\000R\000e\000f\000e\000r\000\352\000n\000c\000i\000a\000\040\000\340\000\040\000e\000s\000t\000r\000u\000t\000u\000r\000a\000\040\000a\000r\000t\000i\000g\000o}{chapter.3}% 6
\BOOKMARK [2][-]{subsection.3.1.1}{\376\377\0003\000.\0001\000.\0001\000\040\000D\000e\000s\000c\000r\000i\000\347\000\343\000o\000\040\000d\000e\000t\000a\000l\000h\000a\000d\000a}{section.3.1}% 7
\BOOKMARK [2][-]{subsection.3.1.2}{\376\377\0003\000.\0001\000.\0002\000\040\000D\000o\000c\000u\000m\000e\000n\000t\000a\000\347\000\343\000o\000\040\000d\000o\000s\000\040\000c\000a\000m\000p\000o\000s\000\040\000e\000\040\000a\000t\000r\000i\000b\000u\000t\000o\000s}{section.3.1}% 8
\BOOKMARK [3][-]{subsubsection.3.1.2.1}{\376\377\0003\000.\0001\000.\0002\000.\0001\000\040\000a\000n\000o}{subsection.3.1.2}% 9
\BOOKMARK [3][-]{subsubsection.3.1.2.2}{\376\377\0003\000.\0001\000.\0002\000.\0002\000\040\000a\000u\000t\000o\000r}{subsection.3.1.2}% 10
\BOOKMARK [3][-]{subsubsection.3.1.2.3}{\376\377\0003\000.\0001\000.\0002\000.\0003\000\040\000D\000O\000I}{subsection.3.1.2}% 11
\BOOKMARK [3][-]{subsubsection.3.1.2.4}{\376\377\0003\000.\0001\000.\0002\000.\0004\000\040\000i\000d}{subsection.3.1.2}% 12
\BOOKMARK [3][-]{subsubsection.3.1.2.5}{\376\377\0003\000.\0001\000.\0002\000.\0005\000\040\000i\000n\000v\000a\000l\000i\000d\000o}{subsection.3.1.2}% 13
\BOOKMARK [3][-]{subsubsection.3.1.2.6}{\376\377\0003\000.\0001\000.\0002\000.\0006\000\040\000p\000a\000l\000a\000v\000r\000a\000C\000h\000a\000v\000e}{subsection.3.1.2}% 14
\BOOKMARK [3][-]{subsubsection.3.1.2.7}{\376\377\0003\000.\0001\000.\0002\000.\0007\000\040\000r\000e\000v\000i\000s\000t\000a}{subsection.3.1.2}% 15
\BOOKMARK [3][-]{subsubsection.3.1.2.8}{\376\377\0003\000.\0001\000.\0002\000.\0008\000\040\000t\000i\000t\000u\000l\000o}{subsection.3.1.2}% 16
\BOOKMARK [1][-]{section.3.2}{\376\377\0003\000.\0002\000\040\000R\000e\000f\000e\000r\000\352\000n\000c\000i\000a\000\040\000\340\000\040\000e\000s\000t\000r\000u\000t\000u\000r\000a\000\040\000b\000m}{chapter.3}% 17
\BOOKMARK [2][-]{subsection.3.2.1}{\376\377\0003\000.\0002\000.\0001\000\040\000D\000e\000s\000c\000r\000i\000\347\000\343\000o\000\040\000d\000e\000t\000a\000l\000h\000a\000d\000a}{section.3.2}% 18
\BOOKMARK [2][-]{subsection.3.2.2}{\376\377\0003\000.\0002\000.\0002\000\040\000D\000o\000c\000u\000m\000e\000n\000t\000a\000\347\000\343\000o\000\040\000d\000o\000s\000\040\000c\000a\000m\000p\000o\000s\000\040\000e\000\040\000a\000t\000r\000i\000b\000u\000t\000o\000s}{section.3.2}% 19
\BOOKMARK [3][-]{subsubsection.3.2.2.1}{\376\377\0003\000.\0002\000.\0002\000.\0001\000\040\000f\000e\000l\000e\000m}{subsection.3.2.2}% 20
\BOOKMARK [3][-]{subsubsection.3.2.2.2}{\376\377\0003\000.\0002\000.\0002\000.\0002\000\040\000m\000g\000r\000a\000u}{subsection.3.2.2}% 21
\BOOKMARK [3][-]{subsubsection.3.2.2.3}{\376\377\0003\000.\0002\000.\0002\000.\0003\000\040\000r\000a\000i\000z}{subsection.3.2.2}% 22
\BOOKMARK [1][-]{section.3.3}{\376\377\0003\000.\0003\000\040\000R\000e\000f\000e\000r\000\352\000n\000c\000i\000a\000\040\000\340\000\040\000e\000s\000t\000r\000u\000t\000u\000r\000a\000\040\000b\000m\000\137\000n\000o\000h}{chapter.3}% 23
\BOOKMARK [2][-]{subsection.3.3.1}{\376\377\0003\000.\0003\000.\0001\000\040\000D\000e\000s\000c\000r\000i\000\347\000\343\000o\000\040\000d\000e\000t\000a\000l\000h\000a\000d\000a}{section.3.3}% 24
\BOOKMARK [2][-]{subsection.3.3.2}{\376\377\0003\000.\0003\000.\0002\000\040\000D\000o\000c\000u\000m\000e\000n\000t\000a\000\347\000\343\000o\000\040\000d\000o\000s\000\040\000c\000a\000m\000p\000o\000s\000\040\000e\000\040\000a\000t\000r\000i\000b\000u\000t\000o\000s}{section.3.3}% 25
\BOOKMARK [3][-]{subsubsection.3.3.2.1}{\376\377\0003\000.\0003\000.\0002\000.\0001\000\040\000c\000h\000a\000v\000e\000s}{subsection.3.3.2}% 26
\BOOKMARK [3][-]{subsubsection.3.3.2.2}{\376\377\0003\000.\0003\000.\0002\000.\0002\000\040\000d\000f\000i\000l\000h\000o\000s}{subsection.3.3.2}% 27
\BOOKMARK [3][-]{subsubsection.3.3.2.3}{\376\377\0003\000.\0003\000.\0002\000.\0003\000\040\000e\000h\000\137\000f\000o\000l\000h\000a}{subsection.3.3.2}% 28
\BOOKMARK [3][-]{subsubsection.3.3.2.4}{\376\377\0003\000.\0003\000.\0002\000.\0004\000\040\000f\000i\000l\000h\000o\000s}{subsection.3.3.2}% 29
\BOOKMARK [3][-]{subsubsection.3.3.2.5}{\376\377\0003\000.\0003\000.\0002\000.\0005\000\040\000m\000g\000r\000a\000u}{subsection.3.3.2}% 30
\BOOKMARK [3][-]{subsubsection.3.3.2.6}{\376\377\0003\000.\0003\000.\0002\000.\0006\000\040\000n\000c\000h\000a\000v\000e\000s}{subsection.3.3.2}% 31
\BOOKMARK [3][-]{subsubsection.3.3.2.7}{\376\377\0003\000.\0003\000.\0002\000.\0007\000\040\000p\000a\000i}{subsection.3.3.2}% 32
\BOOKMARK [0][-]{chapter.4}{\376\377\0004\000\040\000D\000o\000c\000u\000m\000e\000n\000t\000a\000\347\000\343\000o\000\040\000d\000o\000\040\000f\000i\000c\000h\000e\000i\000r\000o}{}% 33
\BOOKMARK [1][-]{section.4.1}{\376\377\0004\000.\0001\000\040\000R\000e\000f\000e\000r\000\352\000n\000c\000i\000a\000\040\000a\000o\000\040\000f\000i\000c\000h\000e\000i\000r\000o\000\040\000s\000r\000c\000/\000b\000m\000.\000c}{chapter.4}% 34
\BOOKMARK [2][-]{subsection.4.1.1}{\376\377\0004\000.\0001\000.\0001\000\040\000D\000o\000c\000u\000m\000e\000n\000t\000a\000\347\000\343\000o\000\040\000d\000a\000s\000\040\000f\000u\000n\000\347\000\365\000e\000s}{section.4.1}% 35
\BOOKMARK [3][-]{subsubsection.4.1.1.1}{\376\377\0004\000.\0001\000.\0001\000.\0001\000\040\000b\000m\000\137\000e\000s\000c\000r\000u\000t\000i\000n\000a\000\050\000\051}{subsection.4.1.1}% 36
\BOOKMARK [3][-]{subsubsection.4.1.1.2}{\376\377\0004\000.\0001\000.\0001\000.\0002\000\040\000b\000m\000\137\000i\000n\000i\000c\000\050\000\051}{subsection.4.1.1}% 37
\BOOKMARK [3][-]{subsubsection.4.1.1.3}{\376\377\0004\000.\0001\000.\0001\000.\0003\000\040\000b\000m\000\137\000i\000n\000s\000e\000r\000e\000\050\000\051}{subsection.4.1.1}% 38
\BOOKMARK [3][-]{subsubsection.4.1.1.4}{\376\377\0004\000.\0001\000.\0001\000.\0004\000\040\000b\000m\000\137\000i\000n\000s\000e\000r\000e\000\137\000n\000a\000h\000f\000o\000l\000h\000a\000\050\000\051}{subsection.4.1.1}% 39
\BOOKMARK [3][-]{subsubsection.4.1.1.5}{\376\377\0004\000.\0001\000.\0001\000.\0005\000\040\000b\000m\000\137\000l\000i\000s\000t\000a\000\050\000\051}{subsection.4.1.1}% 40
\BOOKMARK [3][-]{subsubsection.4.1.1.6}{\376\377\0004\000.\0001\000.\0001\000.\0006\000\040\000b\000m\000\137\000p\000e\000s\000q\000u\000i\000s\000a\000\050\000\051}{subsection.4.1.1}% 41
\BOOKMARK [1][-]{section.4.2}{\376\377\0004\000.\0002\000\040\000b\000m\000.\000c}{chapter.4}% 42
\BOOKMARK [1][-]{section.4.3}{\376\377\0004\000.\0003\000\040\000R\000e\000f\000e\000r\000\352\000n\000c\000i\000a\000\040\000a\000o\000\040\000f\000i\000c\000h\000e\000i\000r\000o\000\040\000s\000r\000c\000/\000b\000m\000.\000h}{chapter.4}% 43
\BOOKMARK [2][-]{subsection.4.3.1}{\376\377\0004\000.\0003\000.\0001\000\040\000D\000o\000c\000u\000m\000e\000n\000t\000a\000\347\000\343\000o\000\040\000d\000o\000s\000\040\000t\000i\000p\000o\000s}{section.4.3}% 44
\BOOKMARK [3][-]{subsubsection.4.3.1.1}{\376\377\0004\000.\0003\000.\0001\000.\0001\000\040\000b\000m}{subsection.4.3.1}% 45
\BOOKMARK [2][-]{subsection.4.3.2}{\376\377\0004\000.\0003\000.\0002\000\040\000D\000o\000c\000u\000m\000e\000n\000t\000a\000\347\000\343\000o\000\040\000d\000a\000s\000\040\000f\000u\000n\000\347\000\365\000e\000s}{section.4.3}% 46
\BOOKMARK [3][-]{subsubsection.4.3.2.1}{\376\377\0004\000.\0003\000.\0002\000.\0001\000\040\000b\000m\000\137\000e\000s\000c\000r\000u\000t\000i\000n\000a\000\050\000\051}{subsection.4.3.2}% 47
\BOOKMARK [3][-]{subsubsection.4.3.2.2}{\376\377\0004\000.\0003\000.\0002\000.\0002\000\040\000b\000m\000\137\000i\000n\000i\000c\000\050\000\051}{subsection.4.3.2}% 48
\BOOKMARK [3][-]{subsubsection.4.3.2.3}{\376\377\0004\000.\0003\000.\0002\000.\0003\000\040\000b\000m\000\137\000i\000n\000s\000e\000r\000e\000\050\000\051}{subsection.4.3.2}% 49
\BOOKMARK [3][-]{subsubsection.4.3.2.4}{\376\377\0004\000.\0003\000.\0002\000.\0004\000\040\000b\000m\000\137\000i\000n\000s\000e\000r\000e\000\137\000n\000a\000h\000f\000o\000l\000h\000a\000\050\000\051}{subsection.4.3.2}% 50
\BOOKMARK [3][-]{subsubsection.4.3.2.5}{\376\377\0004\000.\0003\000.\0002\000.\0005\000\040\000b\000m\000\137\000l\000i\000s\000t\000a\000\050\000\051}{subsection.4.3.2}% 51
\BOOKMARK [3][-]{subsubsection.4.3.2.6}{\376\377\0004\000.\0003\000.\0002\000.\0006\000\040\000b\000m\000\137\000p\000e\000s\000q\000u\000i\000s\000a\000\050\000\051}{subsection.4.3.2}% 52
\BOOKMARK [1][-]{section.4.4}{\376\377\0004\000.\0004\000\040\000b\000m\000.\000h}{chapter.4}% 53
\BOOKMARK [1][-]{section.4.5}{\376\377\0004\000.\0005\000\040\000R\000e\000f\000e\000r\000\352\000n\000c\000i\000a\000\040\000a\000o\000\040\000f\000i\000c\000h\000e\000i\000r\000o\000\040\000s\000r\000c\000/\000b\000m\000\137\000n\000o\000h\000.\000c}{chapter.4}% 54
\BOOKMARK [2][-]{subsection.4.5.1}{\376\377\0004\000.\0005\000.\0001\000\040\000D\000o\000c\000u\000m\000e\000n\000t\000a\000\347\000\343\000o\000\040\000d\000a\000s\000\040\000f\000u\000n\000\347\000\365\000e\000s}{section.4.5}% 55
\BOOKMARK [3][-]{subsubsection.4.5.1.1}{\376\377\0004\000.\0005\000.\0001\000.\0001\000\040\000b\000m\000\137\000n\000o\000h\000\137\000c\000o\000n\000t\000e\000m\000\050\000\051}{subsection.4.5.1}% 56
\BOOKMARK [3][-]{subsubsection.4.5.1.2}{\376\377\0004\000.\0005\000.\0001\000.\0002\000\040\000b\000m\000\137\000n\000o\000h\000\137\000e\000s\000c\000r\000e\000v\000e\000d\000i\000s\000c\000\050\000\051}{subsection.4.5.1}% 57
\BOOKMARK [3][-]{subsubsection.4.5.1.3}{\376\377\0004\000.\0005\000.\0001\000.\0003\000\040\000b\000m\000\137\000n\000o\000h\000\137\000e\000s\000c\000r\000u\000t\000i\000n\000a\000\050\000\051}{subsection.4.5.1}% 58
\BOOKMARK [3][-]{subsubsection.4.5.1.4}{\376\377\0004\000.\0005\000.\0001\000.\0004\000\040\000b\000m\000\137\000n\000o\000h\000\137\000i\000n\000i\000c\000\050\000\051}{subsection.4.5.1}% 59
\BOOKMARK [3][-]{subsubsection.4.5.1.5}{\376\377\0004\000.\0005\000.\0001\000.\0005\000\040\000b\000m\000\137\000n\000o\000h\000\137\000i\000n\000s\000e\000r\000e\000\050\000\051}{subsection.4.5.1}% 60
\BOOKMARK [3][-]{subsubsection.4.5.1.6}{\376\377\0004\000.\0005\000.\0001\000.\0006\000\040\000b\000m\000\137\000n\000o\000h\000\137\000l\000e\000d\000i\000s\000c\000\050\000\051}{subsection.4.5.1}% 61
\BOOKMARK [3][-]{subsubsection.4.5.1.7}{\376\377\0004\000.\0005\000.\0001\000.\0007\000\040\000b\000m\000\137\000n\000o\000h\000\137\000p\000e\000s\000q\000u\000i\000s\000a\000\050\000\051}{subsection.4.5.1}% 62
\BOOKMARK [3][-]{subsubsection.4.5.1.8}{\376\377\0004\000.\0005\000.\0001\000.\0008\000\040\000b\000m\000\137\000n\000o\000h\000\137\000p\000e\000s\000q\000u\000i\000s\000a\000\137\000f\000o\000l\000h\000a\000\050\000\051}{subsection.4.5.1}% 63
\BOOKMARK [3][-]{subsubsection.4.5.1.9}{\376\377\0004\000.\0005\000.\0001\000.\0009\000\040\000b\000m\000\137\000n\000o\000h\000\137\000s\000p\000l\000i\000t\000\050\000\051}{subsection.4.5.1}% 64
\BOOKMARK [3][-]{subsubsection.4.5.1.10}{\376\377\0004\000.\0005\000.\0001\000.\0001\0000\000\040\000b\000m\000\137\000n\000o\000h\000\137\000s\000p\000l\000i\000t\000\137\000i\000n\000t\000\050\000\051}{subsection.4.5.1}% 65
\BOOKMARK [3][-]{subsubsection.4.5.1.11}{\376\377\0004\000.\0005\000.\0001\000.\0001\0001\000\040\000p\000a\000d\000d\000i\000n\000g\000\050\000\051}{subsection.4.5.1}% 66
\BOOKMARK [1][-]{section.4.6}{\376\377\0004\000.\0006\000\040\000b\000m\000\137\000n\000o\000h\000.\000c}{chapter.4}% 67
\BOOKMARK [1][-]{section.4.7}{\376\377\0004\000.\0007\000\040\000R\000e\000f\000e\000r\000\352\000n\000c\000i\000a\000\040\000a\000o\000\040\000f\000i\000c\000h\000e\000i\000r\000o\000\040\000s\000r\000c\000/\000b\000m\000\137\000n\000o\000h\000.\000h}{chapter.4}% 68
\BOOKMARK [2][-]{subsection.4.7.1}{\376\377\0004\000.\0007\000.\0001\000\040\000D\000o\000c\000u\000m\000e\000n\000t\000a\000\347\000\343\000o\000\040\000d\000a\000s\000\040\000m\000a\000c\000r\000o\000s}{section.4.7}% 69
\BOOKMARK [3][-]{subsubsection.4.7.1.1}{\376\377\0004\000.\0007\000.\0001\000.\0001\000\040\000M\000A\000X\000C\000H\000A\000V\000E\000S}{subsection.4.7.1}% 70
\BOOKMARK [3][-]{subsubsection.4.7.1.2}{\376\377\0004\000.\0007\000.\0001\000.\0002\000\040\000M\000A\000X\000F\000I\000L\000H\000O\000S}{subsection.4.7.1}% 71
\BOOKMARK [3][-]{subsubsection.4.7.1.3}{\376\377\0004\000.\0007\000.\0001\000.\0003\000\040\000N\000O\000M\000E\000\137\000A\000R\000Q}{subsection.4.7.1}% 72
\BOOKMARK [3][-]{subsubsection.4.7.1.4}{\376\377\0004\000.\0007\000.\0001\000.\0004\000\040\000S\000U\000F\000I\000X\000O\000\137\000B\000M}{subsection.4.7.1}% 73
\BOOKMARK [2][-]{subsection.4.7.2}{\376\377\0004\000.\0007\000.\0002\000\040\000D\000o\000c\000u\000m\000e\000n\000t\000a\000\347\000\343\000o\000\040\000d\000o\000s\000\040\000t\000i\000p\000o\000s}{section.4.7}% 74
\BOOKMARK [3][-]{subsubsection.4.7.2.1}{\376\377\0004\000.\0007\000.\0002\000.\0001\000\040\000b\000m\000\137\000n\000o\000h}{subsection.4.7.2}% 75
\BOOKMARK [3][-]{subsubsection.4.7.2.2}{\376\377\0004\000.\0007\000.\0002\000.\0002\000\040\000s\000\137\000a\000r\000t\000i\000g\000o}{subsection.4.7.2}% 76
\BOOKMARK [2][-]{subsection.4.7.3}{\376\377\0004\000.\0007\000.\0003\000\040\000D\000o\000c\000u\000m\000e\000n\000t\000a\000\347\000\343\000o\000\040\000d\000a\000s\000\040\000f\000u\000n\000\347\000\365\000e\000s}{section.4.7}% 77
\BOOKMARK [3][-]{subsubsection.4.7.3.1}{\376\377\0004\000.\0007\000.\0003\000.\0001\000\040\000b\000m\000\137\000n\000o\000h\000\137\000c\000o\000n\000t\000e\000m\000\050\000\051}{subsection.4.7.3}% 78
\BOOKMARK [3][-]{subsubsection.4.7.3.2}{\376\377\0004\000.\0007\000.\0003\000.\0002\000\040\000b\000m\000\137\000n\000o\000h\000\137\000e\000s\000c\000r\000e\000v\000e\000d\000i\000s\000c\000\050\000\051}{subsection.4.7.3}% 79
\BOOKMARK [3][-]{subsubsection.4.7.3.3}{\376\377\0004\000.\0007\000.\0003\000.\0003\000\040\000b\000m\000\137\000n\000o\000h\000\137\000e\000s\000c\000r\000u\000t\000i\000n\000a\000\050\000\051}{subsection.4.7.3}% 80
\BOOKMARK [3][-]{subsubsection.4.7.3.4}{\376\377\0004\000.\0007\000.\0003\000.\0004\000\040\000b\000m\000\137\000n\000o\000h\000\137\000i\000n\000i\000c\000\050\000\051}{subsection.4.7.3}% 81
\BOOKMARK [3][-]{subsubsection.4.7.3.5}{\376\377\0004\000.\0007\000.\0003\000.\0005\000\040\000b\000m\000\137\000n\000o\000h\000\137\000i\000n\000s\000e\000r\000e\000\050\000\051}{subsection.4.7.3}% 82
\BOOKMARK [3][-]{subsubsection.4.7.3.6}{\376\377\0004\000.\0007\000.\0003\000.\0006\000\040\000b\000m\000\137\000n\000o\000h\000\137\000l\000e\000d\000i\000s\000c\000\050\000\051}{subsection.4.7.3}% 83
\BOOKMARK [3][-]{subsubsection.4.7.3.7}{\376\377\0004\000.\0007\000.\0003\000.\0007\000\040\000b\000m\000\137\000n\000o\000h\000\137\000p\000e\000s\000q\000u\000i\000s\000a\000\050\000\051}{subsection.4.7.3}% 84
\BOOKMARK [3][-]{subsubsection.4.7.3.8}{\376\377\0004\000.\0007\000.\0003\000.\0008\000\040\000b\000m\000\137\000n\000o\000h\000\137\000p\000e\000s\000q\000u\000i\000s\000a\000\137\000f\000o\000l\000h\000a\000\050\000\051}{subsection.4.7.3}% 85
\BOOKMARK [3][-]{subsubsection.4.7.3.9}{\376\377\0004\000.\0007\000.\0003\000.\0009\000\040\000b\000m\000\137\000n\000o\000h\000\137\000p\000o\000p\000u\000l\000a\000a\000r\000t\000\050\000\051}{subsection.4.7.3}% 86
\BOOKMARK [3][-]{subsubsection.4.7.3.10}{\376\377\0004\000.\0007\000.\0003\000.\0001\0000\000\040\000b\000m\000\137\000n\000o\000h\000\137\000s\000p\000l\000i\000t\000\050\000\051}{subsection.4.7.3}% 87
\BOOKMARK [3][-]{subsubsection.4.7.3.11}{\376\377\0004\000.\0007\000.\0003\000.\0001\0001\000\040\000b\000m\000\137\000n\000o\000h\000\137\000s\000p\000l\000i\000t\000\137\000i\000n\000t\000\050\000\051}{subsection.4.7.3}% 88
\BOOKMARK [3][-]{subsubsection.4.7.3.12}{\376\377\0004\000.\0007\000.\0003\000.\0001\0002\000\040\000p\000a\000d\000d\000i\000n\000g\000\050\000\051}{subsection.4.7.3}% 89
\BOOKMARK [1][-]{section.4.8}{\376\377\0004\000.\0008\000\040\000b\000m\000\137\000n\000o\000h\000.\000h}{chapter.4}% 90
\BOOKMARK [1][-]{section.4.9}{\376\377\0004\000.\0009\000\040\000R\000e\000f\000e\000r\000\352\000n\000c\000i\000a\000\040\000a\000o\000\040\000f\000i\000c\000h\000e\000i\000r\000o\000\040\000s\000r\000c\000/\000c\000h\000e\000c\000k\000l\000i\000s\000t\000.\000c}{chapter.4}% 91
\BOOKMARK [2][-]{subsection.4.9.1}{\376\377\0004\000.\0009\000.\0001\000\040\000D\000o\000c\000u\000m\000e\000n\000t\000a\000\347\000\343\000o\000\040\000d\000a\000s\000\040\000f\000u\000n\000\347\000\365\000e\000s}{section.4.9}% 92
\BOOKMARK [3][-]{subsubsection.4.9.1.1}{\376\377\0004\000.\0009\000.\0001\000.\0001\000\040\000t\000e\000l\000a\000\137\000c\000h\000e\000c\000k\000l\000i\000s\000t\000\050\000\051}{subsection.4.9.1}% 93
\BOOKMARK [1][-]{section.4.10}{\376\377\0004\000.\0001\0000\000\040\000c\000h\000e\000c\000k\000l\000i\000s\000t\000.\000c}{chapter.4}% 94
\BOOKMARK [1][-]{section.4.11}{\376\377\0004\000.\0001\0001\000\040\000R\000e\000f\000e\000r\000\352\000n\000c\000i\000a\000\040\000a\000o\000\040\000f\000i\000c\000h\000e\000i\000r\000o\000\040\000s\000r\000c\000/\000c\000h\000e\000c\000k\000l\000i\000s\000t\000.\000h}{chapter.4}% 95
\BOOKMARK [2][-]{subsection.4.11.1}{\376\377\0004\000.\0001\0001\000.\0001\000\040\000D\000o\000c\000u\000m\000e\000n\000t\000a\000\347\000\343\000o\000\040\000d\000a\000s\000\040\000m\000a\000c\000r\000o\000s}{section.4.11}% 96
\BOOKMARK [3][-]{subsubsection.4.11.1.1}{\376\377\0004\000.\0001\0001\000.\0001\000.\0001\000\040\000I\000T\000E\000M\000\137\0001}{subsection.4.11.1}% 97
\BOOKMARK [3][-]{subsubsection.4.11.1.2}{\376\377\0004\000.\0001\0001\000.\0001\000.\0002\000\040\000I\000T\000E\000M\000\137\0002}{subsection.4.11.1}% 98
\BOOKMARK [3][-]{subsubsection.4.11.1.3}{\376\377\0004\000.\0001\0001\000.\0001\000.\0003\000\040\000I\000T\000E\000M\000\137\0003}{subsection.4.11.1}% 99
\BOOKMARK [3][-]{subsubsection.4.11.1.4}{\376\377\0004\000.\0001\0001\000.\0001\000.\0004\000\040\000I\000T\000E\000M\000\137\0004}{subsection.4.11.1}% 100
\BOOKMARK [3][-]{subsubsection.4.11.1.5}{\376\377\0004\000.\0001\0001\000.\0001\000.\0005\000\040\000I\000T\000E\000M\000\137\0005}{subsection.4.11.1}% 101
\BOOKMARK [3][-]{subsubsection.4.11.1.6}{\376\377\0004\000.\0001\0001\000.\0001\000.\0006\000\040\000I\000T\000E\000M\000\137\0006}{subsection.4.11.1}% 102
\BOOKMARK [2][-]{subsection.4.11.2}{\376\377\0004\000.\0001\0001\000.\0002\000\040\000D\000o\000c\000u\000m\000e\000n\000t\000a\000\347\000\343\000o\000\040\000d\000o\000s\000\040\000v\000a\000l\000o\000r\000e\000s\000\040\000d\000a\000\040\000e\000n\000u\000m\000e\000r\000a\000\347\000\343\000o}{section.4.11}% 103
\BOOKMARK [3][-]{subsubsection.4.11.2.1}{\376\377\0004\000.\0001\0001\000.\0002\000.\0001\000\040\000a\000n\000o\000n\000y\000m\000o\000u\000s\000\040\000e\000n\000u\000m}{subsection.4.11.2}% 104
\BOOKMARK [2][-]{subsection.4.11.3}{\376\377\0004\000.\0001\0001\000.\0003\000\040\000D\000o\000c\000u\000m\000e\000n\000t\000a\000\347\000\343\000o\000\040\000d\000a\000s\000\040\000f\000u\000n\000\347\000\365\000e\000s}{section.4.11}% 105
\BOOKMARK [3][-]{subsubsection.4.11.3.1}{\376\377\0004\000.\0001\0001\000.\0003\000.\0001\000\040\000t\000e\000l\000a\000\137\000c\000h\000e\000c\000k\000l\000i\000s\000t\000\050\000\051}{subsection.4.11.3}% 106
\BOOKMARK [1][-]{section.4.12}{\376\377\0004\000.\0001\0002\000\040\000c\000h\000e\000c\000k\000l\000i\000s\000t\000.\000h}{chapter.4}% 107
\BOOKMARK [1][-]{section.4.13}{\376\377\0004\000.\0001\0003\000\040\000R\000e\000f\000e\000r\000\352\000n\000c\000i\000a\000\040\000a\000o\000\040\000f\000i\000c\000h\000e\000i\000r\000o\000\040\000s\000r\000c\000/\000e\000r\000r\000o\000.\000h}{chapter.4}% 108
\BOOKMARK [2][-]{subsection.4.13.1}{\376\377\0004\000.\0001\0003\000.\0001\000\040\000D\000o\000c\000u\000m\000e\000n\000t\000a\000\347\000\343\000o\000\040\000d\000a\000s\000\040\000f\000u\000n\000\347\000\365\000e\000s}{section.4.13}% 109
\BOOKMARK [3][-]{subsubsection.4.13.1.1}{\376\377\0004\000.\0001\0003\000.\0001\000.\0001\000\040\000e\000r\000r\000o\000\050\000\051}{subsection.4.13.1}% 110
\BOOKMARK [1][-]{section.4.14}{\376\377\0004\000.\0001\0004\000\040\000e\000r\000r\000o\000.\000h}{chapter.4}% 111
\BOOKMARK [1][-]{section.4.15}{\376\377\0004\000.\0001\0005\000\040\000R\000e\000f\000e\000r\000\352\000n\000c\000i\000a\000\040\000a\000o\000\040\000f\000i\000c\000h\000e\000i\000r\000o\000\040\000s\000r\000c\000/\000j\000c\000u\000r\000s\000e\000s\000.\000h}{chapter.4}% 112
\BOOKMARK [2][-]{subsection.4.15.1}{\376\377\0004\000.\0001\0005\000.\0001\000\040\000D\000o\000c\000u\000m\000e\000n\000t\000a\000\347\000\343\000o\000\040\000d\000a\000s\000\040\000m\000a\000c\000r\000o\000s}{section.4.15}% 113
\BOOKMARK [3][-]{subsubsection.4.15.1.1}{\376\377\0004\000.\0001\0005\000.\0001\000.\0001\000\040\000C\000K\000L\000S\000I\000T\000E\000M}{subsection.4.15.1}% 114
\BOOKMARK [3][-]{subsubsection.4.15.1.2}{\376\377\0004\000.\0001\0005\000.\0001\000.\0002\000\040\000C\000M}{subsection.4.15.1}% 115
\BOOKMARK [3][-]{subsubsection.4.15.1.3}{\376\377\0004\000.\0001\0005\000.\0001\000.\0003\000\040\000C\000M\000R}{subsection.4.15.1}% 116
\BOOKMARK [3][-]{subsubsection.4.15.1.4}{\376\377\0004\000.\0001\0005\000.\0001\000.\0004\000\040\000C\000M\000R\0001}{subsection.4.15.1}% 117
\BOOKMARK [3][-]{subsubsection.4.15.1.5}{\376\377\0004\000.\0001\0005\000.\0001\000.\0005\000\040\000I\000N\000F\000O}{subsection.4.15.1}% 118
\BOOKMARK [3][-]{subsubsection.4.15.1.6}{\376\377\0004\000.\0001\0005\000.\0001\000.\0006\000\040\000I\000N\000F\000O\0002}{subsection.4.15.1}% 119
\BOOKMARK [3][-]{subsubsection.4.15.1.7}{\376\377\0004\000.\0001\0005\000.\0001\000.\0007\000\040\000I\000N\000F\000O\000\137\000C\000A\000R\000D}{subsection.4.15.1}% 120
\BOOKMARK [3][-]{subsubsection.4.15.1.8}{\376\377\0004\000.\0001\0005\000.\0001\000.\0008\000\040\000I\000N\000F\000O\000\137\000F\000I\000L\000E}{subsection.4.15.1}% 121
\BOOKMARK [3][-]{subsubsection.4.15.1.9}{\376\377\0004\000.\0001\0005\000.\0001\000.\0009\000\040\000I\000N\000F\000O\000\137\000S\000T}{subsection.4.15.1}% 122
\BOOKMARK [3][-]{subsubsection.4.15.1.10}{\376\377\0004\000.\0001\0005\000.\0001\000.\0001\0000\000\040\000L\000T\000E\000L\000A}{subsection.4.15.1}% 123
\BOOKMARK [3][-]{subsubsection.4.15.1.11}{\376\377\0004\000.\0001\0005\000.\0001\000.\0001\0001\000\040\000P\000N\000A\000P\000O\000S}{subsection.4.15.1}% 124
\BOOKMARK [3][-]{subsubsection.4.15.1.12}{\376\377\0004\000.\0001\0005\000.\0001\000.\0001\0002\000\040\000S\000\137\000A\000Z\000U\000L}{subsection.4.15.1}% 125
\BOOKMARK [3][-]{subsubsection.4.15.1.13}{\376\377\0004\000.\0001\0005\000.\0001\000.\0001\0003\000\040\000S\000\137\000A\000Z\000U\000L\000B}{subsection.4.15.1}% 126
\BOOKMARK [3][-]{subsubsection.4.15.1.14}{\376\377\0004\000.\0001\0005\000.\0001\000.\0001\0004\000\040\000S\000\137\000B\000R\000A\000N\000C\000O}{subsection.4.15.1}% 127
\BOOKMARK [3][-]{subsubsection.4.15.1.15}{\376\377\0004\000.\0001\0005\000.\0001\000.\0001\0005\000\040\000S\000\137\000B\000R\000A\000N\000C\000O\000B}{subsection.4.15.1}% 128
\BOOKMARK [3][-]{subsubsection.4.15.1.16}{\376\377\0004\000.\0001\0005\000.\0001\000.\0001\0006\000\040\000S\000\137\000C\000A\000R\000D}{subsection.4.15.1}% 129
\BOOKMARK [3][-]{subsubsection.4.15.1.17}{\376\377\0004\000.\0001\0005\000.\0001\000.\0001\0007\000\040\000S\000\137\000C\000H\000K\000L\000S\000T}{subsection.4.15.1}% 130
\BOOKMARK [3][-]{subsubsection.4.15.1.18}{\376\377\0004\000.\0001\0005\000.\0001\000.\0001\0008\000\040\000S\000\137\000C\000H\000K\000L\000S\000T\000\137\000D\000O\000N\000E}{subsection.4.15.1}% 131
\BOOKMARK [3][-]{subsubsection.4.15.1.19}{\376\377\0004\000.\0001\0005\000.\0001\000.\0001\0009\000\040\000S\000\137\000C\000I\000N\000Z\000A}{subsection.4.15.1}% 132
\BOOKMARK [3][-]{subsubsection.4.15.1.20}{\376\377\0004\000.\0001\0005\000.\0001\000.\0002\0000\000\040\000S\000\137\000C\000I\000N\000Z\000A\000B}{subsection.4.15.1}% 133
\BOOKMARK [3][-]{subsubsection.4.15.1.21}{\376\377\0004\000.\0001\0005\000.\0001\000.\0002\0001\000\040\000S\000\137\000C\000M}{subsection.4.15.1}% 134
\BOOKMARK [3][-]{subsubsection.4.15.1.22}{\376\377\0004\000.\0001\0005\000.\0001\000.\0002\0002\000\040\000S\000\137\000C\000M\000R}{subsection.4.15.1}% 135
\BOOKMARK [3][-]{subsubsection.4.15.1.23}{\376\377\0004\000.\0001\0005\000.\0001\000.\0002\0003\000\040\000S\000\137\000F\000I\000L\000E\000N}{subsection.4.15.1}% 136
\BOOKMARK [3][-]{subsubsection.4.15.1.24}{\376\377\0004\000.\0001\0005\000.\0001\000.\0002\0004\000\040\000S\000\137\000F\000O\000R\000M\000A\000T}{subsection.4.15.1}% 137
\BOOKMARK [3][-]{subsubsection.4.15.1.25}{\376\377\0004\000.\0001\0005\000.\0001\000.\0002\0005\000\040\000S\000\137\000I\000N\000F\000O}{subsection.4.15.1}% 138
\BOOKMARK [3][-]{subsubsection.4.15.1.26}{\376\377\0004\000.\0001\0005\000.\0001\000.\0002\0006\000\040\000S\000\137\000I\000N\000F\000O\0002}{subsection.4.15.1}% 139
\BOOKMARK [3][-]{subsubsection.4.15.1.27}{\376\377\0004\000.\0001\0005\000.\0001\000.\0002\0007\000\040\000S\000\137\000I\000N\000F\000O\000\137\000S\000T}{subsection.4.15.1}% 140
\BOOKMARK [3][-]{subsubsection.4.15.1.28}{\376\377\0004\000.\0001\0005\000.\0001\000.\0002\0008\000\040\000S\000\137\000I\000N\000F\000O\000\137\000S\000T\000\137\0001}{subsection.4.15.1}% 141
\BOOKMARK [3][-]{subsubsection.4.15.1.29}{\376\377\0004\000.\0001\0005\000.\0001\000.\0002\0009\000\040\000S\000\137\000I\000N\000V}{subsection.4.15.1}% 142
\BOOKMARK [3][-]{subsubsection.4.15.1.30}{\376\377\0004\000.\0001\0005\000.\0001\000.\0003\0000\000\040\000S\000\137\000L\000I\000S\000T}{subsection.4.15.1}% 143
\BOOKMARK [3][-]{subsubsection.4.15.1.31}{\376\377\0004\000.\0001\0005\000.\0001\000.\0003\0001\000\040\000S\000\137\000L\000T\000E\000L\000A}{subsection.4.15.1}% 144
\BOOKMARK [3][-]{subsubsection.4.15.1.32}{\376\377\0004\000.\0001\0005\000.\0001\000.\0003\0002\000\040\000S\000\137\000M\000A\000G\000E\000N\000T\000A\000B}{subsection.4.15.1}% 145
\BOOKMARK [3][-]{subsubsection.4.15.1.33}{\376\377\0004\000.\0001\0005\000.\0001\000.\0003\0003\000\040\000S\000\137\000N\000A\000D\000A}{subsection.4.15.1}% 146
\BOOKMARK [3][-]{subsubsection.4.15.1.34}{\376\377\0004\000.\0001\0005\000.\0001\000.\0003\0004\000\040\000S\000\137\000N\000O\000R\000M}{subsection.4.15.1}% 147
\BOOKMARK [3][-]{subsubsection.4.15.1.35}{\376\377\0004\000.\0001\0005\000.\0001\000.\0003\0005\000\040\000S\000\137\000P\000I\000S\000C\000A}{subsection.4.15.1}% 148
\BOOKMARK [3][-]{subsubsection.4.15.1.36}{\376\377\0004\000.\0001\0005\000.\0001\000.\0003\0006\000\040\000S\000\137\000P\000I\000S\000C\000A\000R\000A\000P}{subsection.4.15.1}% 149
\BOOKMARK [3][-]{subsubsection.4.15.1.37}{\376\377\0004\000.\0001\0005\000.\0001\000.\0003\0007\000\040\000S\000\137\000P\000R\000E\000T\000O}{subsection.4.15.1}% 150
\BOOKMARK [3][-]{subsubsection.4.15.1.38}{\376\377\0004\000.\0001\0005\000.\0001\000.\0003\0008\000\040\000S\000\137\000P\000R\000E\000T\000O\000B}{subsection.4.15.1}% 151
\BOOKMARK [3][-]{subsubsection.4.15.1.39}{\376\377\0004\000.\0001\0005\000.\0001\000.\0003\0009\000\040\000S\000\137\000T\000E\000S\000T}{subsection.4.15.1}% 152
\BOOKMARK [3][-]{subsubsection.4.15.1.40}{\376\377\0004\000.\0001\0005\000.\0001\000.\0004\0000\000\040\000S\000\137\000U\000N\000D\000E\000R\000L}{subsection.4.15.1}% 153
\BOOKMARK [3][-]{subsubsection.4.15.1.41}{\376\377\0004\000.\0001\0005\000.\0001\000.\0004\0001\000\040\000S\000\137\000V\000E\000N\000N}{subsection.4.15.1}% 154
\BOOKMARK [3][-]{subsubsection.4.15.1.42}{\376\377\0004\000.\0001\0005\000.\0001\000.\0004\0002\000\040\000S\000\137\000V\000E\000R\000D}{subsection.4.15.1}% 155
\BOOKMARK [3][-]{subsubsection.4.15.1.43}{\376\377\0004\000.\0001\0005\000.\0001\000.\0004\0003\000\040\000S\000\137\000V\000E\000R\000D\000B}{subsection.4.15.1}% 156
\BOOKMARK [3][-]{subsubsection.4.15.1.44}{\376\377\0004\000.\0001\0005\000.\0001\000.\0004\0004\000\040\000S\000\137\000V\000E\000R\000M}{subsection.4.15.1}% 157
\BOOKMARK [3][-]{subsubsection.4.15.1.45}{\376\377\0004\000.\0001\0005\000.\0001\000.\0004\0005\000\040\000S\000\137\000V\000E\000R\000M\000B}{subsection.4.15.1}% 158
\BOOKMARK [3][-]{subsubsection.4.15.1.46}{\376\377\0004\000.\0001\0005\000.\0001\000.\0004\0006\000\040\000T\000I\000P\000O\000\137\000D\000E\000\137\000T\000E\000R\000M\000I\000N\000A\000L}{subsection.4.15.1}% 159
\BOOKMARK [1][-]{section.4.16}{\376\377\0004\000.\0001\0006\000\040\000j\000c\000u\000r\000s\000e\000s\000.\000h}{chapter.4}% 160
\BOOKMARK [1][-]{section.4.17}{\376\377\0004\000.\0001\0007\000\040\000R\000e\000f\000e\000r\000\352\000n\000c\000i\000a\000\040\000a\000o\000\040\000f\000i\000c\000h\000e\000i\000r\000o\000\040\000s\000r\000c\000/\000m\000a\000i\000n\000.\000c}{chapter.4}% 161
\BOOKMARK [2][-]{subsection.4.17.1}{\376\377\0004\000.\0001\0007\000.\0001\000\040\000D\000o\000c\000u\000m\000e\000n\000t\000a\000\347\000\343\000o\000\040\000d\000a\000s\000\040\000f\000u\000n\000\347\000\365\000e\000s}{section.4.17}% 162
\BOOKMARK [3][-]{subsubsection.4.17.1.1}{\376\377\0004\000.\0001\0007\000.\0001\000.\0001\000\040\000m\000a\000i\000n\000\050\000\051}{subsection.4.17.1}% 163
\BOOKMARK [1][-]{section.4.18}{\376\377\0004\000.\0001\0008\000\040\000m\000a\000i\000n\000.\000c}{chapter.4}% 164
\BOOKMARK [1][-]{section.4.19}{\376\377\0004\000.\0001\0009\000\040\000R\000e\000f\000e\000r\000\352\000n\000c\000i\000a\000\040\000a\000o\000\040\000f\000i\000c\000h\000e\000i\000r\000o\000\040\000s\000r\000c\000/\000t\000e\000s\000t\000a\000.\000h}{chapter.4}% 165
\BOOKMARK [1][-]{section.4.20}{\376\377\0004\000.\0002\0000\000\040\000t\000e\000s\000t\000a\000.\000h}{chapter.4}% 166
\BOOKMARK [1][-]{section.4.21}{\376\377\0004\000.\0002\0001\000\040\000R\000e\000f\000e\000r\000\352\000n\000c\000i\000a\000\040\000a\000o\000\040\000f\000i\000c\000h\000e\000i\000r\000o\000\040\000s\000r\000c\000/\000t\000e\000s\000t\000a\000\137\000b\000m\000.\000c}{chapter.4}% 167
\BOOKMARK [2][-]{subsection.4.21.1}{\376\377\0004\000.\0002\0001\000.\0001\000\040\000D\000o\000c\000u\000m\000e\000n\000t\000a\000\347\000\343\000o\000\040\000d\000a\000s\000\040\000f\000u\000n\000\347\000\365\000e\000s}{section.4.21}% 168
\BOOKMARK [3][-]{subsubsection.4.21.1.1}{\376\377\0004\000.\0002\0001\000.\0001\000.\0001\000\040\000t\000e\000l\000a\000\137\000t\000e\000s\000t\000a\000\137\000b\000m\000\050\000\051}{subsection.4.21.1}% 169
\BOOKMARK [3][-]{subsubsection.4.21.1.2}{\376\377\0004\000.\0002\0001\000.\0001\000.\0002\000\040\000t\000e\000s\000t\000a\000\137\000a\000r\000v\000o\000r\000e\000\137\000b\000m\000\050\000\051}{subsection.4.21.1}% 170
\BOOKMARK [1][-]{section.4.22}{\376\377\0004\000.\0002\0002\000\040\000t\000e\000s\000t\000a\000\137\000b\000m\000.\000c}{chapter.4}% 171
\BOOKMARK [1][-]{section.4.23}{\376\377\0004\000.\0002\0003\000\040\000R\000e\000f\000e\000r\000\352\000n\000c\000i\000a\000\040\000a\000o\000\040\000f\000i\000c\000h\000e\000i\000r\000o\000\040\000s\000r\000c\000/\000t\000e\000s\000t\000a\000\137\000b\000m\000.\000h}{chapter.4}% 172
\BOOKMARK [2][-]{subsection.4.23.1}{\376\377\0004\000.\0002\0003\000.\0001\000\040\000D\000o\000c\000u\000m\000e\000n\000t\000a\000\347\000\343\000o\000\040\000d\000a\000s\000\040\000f\000u\000n\000\347\000\365\000e\000s}{section.4.23}% 173
\BOOKMARK [3][-]{subsubsection.4.23.1.1}{\376\377\0004\000.\0002\0003\000.\0001\000.\0001\000\040\000t\000e\000l\000a\000\137\000t\000e\000s\000t\000a\000\137\000b\000m\000\050\000\051}{subsection.4.23.1}% 174
\BOOKMARK [3][-]{subsubsection.4.23.1.2}{\376\377\0004\000.\0002\0003\000.\0001\000.\0002\000\040\000t\000e\000s\000t\000a\000\137\000a\000r\000v\000o\000r\000e\000\137\000b\000m\000\050\000\051}{subsection.4.23.1}% 175
\BOOKMARK [1][-]{section.4.24}{\376\377\0004\000.\0002\0004\000\040\000t\000e\000s\000t\000a\000\137\000b\000m\000.\000h}{chapter.4}% 176
\BOOKMARK [0][-]{section*.22}{\376\377\000\315\000n\000d\000i\000c\000e}{}% 177
